24.7.2025, 7:43:03 - ERROR - cannot find bug undefined
24.7.2025, 7:43:46 - ERROR - cannot find bug undefined
24.7.2025, 7:46:21 - ERROR - cannot find bug F
24.7.2025, 11:03:16 - ERROR - Cannot update bug
24.7.2025, 11:03:16 - ERROR - Cannot find bug undefined
24.7.2025, 11:03:27 - ERROR - Cannot find bug undefined
24.7.2025, 11:03:27 - ERROR - Cannot update bug
24.7.2025, 11:04:47 - ERROR - Cannot update bug
24.7.2025, 11:04:47 - ERROR - Cannot find bug undefined
24.7.2025, 11:19:37 - ERROR - cannot find bug edit
24.7.2025, 11:19:56 - ERROR - cannot find bug edit
24.7.2025, 11:20:17 - ERROR - cannot find bug edit
24.7.2025, 11:20:37 - ERROR - cannot find bug edit
24.7.2025, 13:12:46 - ERROR - TypeError: getStream.buffer is not a function
24.7.2025, 13:14:37 - ERROR - ReferenceError: buffer is not defined
24.7.2025, 13:16:06 - ERROR - cannot find bug pdf
30.7.2025, 18:54:10 - ERROR - Cannot remove bug
30.7.2025, 18:54:10 - ERROR - Cannot find bug ZbN8bc
30.7.2025, 18:54:16 - ERROR - Cannot find bug ZbN8bc
30.7.2025, 18:54:16 - ERROR - Cannot remove bug
30.7.2025, 18:55:14 - ERROR - Cannot find bug ZbN8bc
30.7.2025, 18:55:14 - ERROR - Cannot remove bug
1.8.2025, 13:35:23 - ERROR - ReferenceError: PAGE_SIZE is not defined
1.8.2025, 13:35:24 - ERROR - ReferenceError: PAGE_SIZE is not defined
1.8.2025, 13:35:28 - ERROR - ReferenceError: PAGE_SIZE is not defined
1.8.2025, 13:35:28 - ERROR - ReferenceError: PAGE_SIZE is not defined
8.8.2025, 10:31:53 - ERROR - cannot find bug 105c
8.8.2025, 10:32:18 - ERROR - cannot find bug 105c
8.8.2025, 10:32:58 - ERROR - cannot find bug 105c
8.8.2025, 10:33:10 - ERROR - cannot find bug 105c
8.8.2025, 10:44:04 - ERROR - username or password is incorrect
8.8.2025, 10:44:55 - ERROR - username or password is incorrect
8.8.2025, 10:44:57 - ERROR - username or password is incorrect
8.8.2025, 10:44:58 - ERROR - username or password is incorrect
8.8.2025, 10:44:59 - ERROR - username or password is incorrect
8.8.2025, 10:46:10 - ERROR - username or password is incorrect
8.8.2025, 10:46:13 - ERROR - username or password is incorrect
8.8.2025, 10:46:14 - ERROR - username or password is incorrect
8.8.2025, 11:05:20 - ERROR - Username is taken
8.8.2025, 11:06:41 - ERROR - Username is taken
8.8.2025, 11:06:52 - ERROR - username or password is incorrect
8.8.2025, 11:08:14 - ERROR - username or password is incorrect
8.8.2025, 11:09:15 - ERROR - username or password is incorrect
8.8.2025, 11:10:33 - ERROR - username or password is incorrect
8.8.2025, 11:42:02 - ERROR - TypeError: userService.getLoginToken is not a function
8.8.2025, 11:42:33 - ERROR - Username is taken
8.8.2025, 12:01:59 - ERROR - TypeError: userService.getLoginToken is not a function
8.8.2025, 13:11:20 - ERROR - Username is taken
8.8.2025, 13:26:48 - ERROR - username or password is incorrect
8.8.2025, 13:29:51 - ERROR - Username is taken
8.8.2025, 13:30:12 - ERROR - Username is taken
8.8.2025, 13:33:21 - ERROR - Username is taken
8.8.2025, 13:35:25 - ERROR - Username is taken
8.8.2025, 13:37:31 - ERROR - Username is taken
8.8.2025, 13:39:06 - ERROR - Username is taken
8.8.2025, 13:44:40 - ERROR - Username is taken
8.8.2025, 15:03:45 - ERROR - Cannot remove user
8.8.2025, 15:03:45 - ERROR - Cannot find user WBlu8z
8.8.2025, 15:23:52 - ERROR - Username is taken
8.8.2025, 15:37:26 - ERROR - Username is taken
8.8.2025, 15:37:39 - ERROR - Username is taken
8.8.2025, 15:39:33 - ERROR - Username is taken
8.8.2025, 15:39:58 - ERROR - Username is taken
8.8.2025, 15:41:20 - ERROR - Username is taken
8.8.2025, 15:44:26 - ERROR - Username is taken
8.8.2025, 15:44:33 - ERROR - Username is taken
8.8.2025, 15:44:35 - ERROR - Username is taken
8.8.2025, 15:45:01 - ERROR - Username is taken
8.8.2025, 15:48:26 - ERROR - Username is taken
8.8.2025, 15:49:37 - ERROR - Username is taken
8.8.2025, 15:49:40 - ERROR - Username is taken
8.8.2025, 15:50:47 - ERROR - Username is taken
8.8.2025, 15:52:06 - ERROR - Username is taken
8.8.2025, 15:52:53 - ERROR - Username is taken
8.8.2025, 15:54:22 - ERROR - Username is taken
8.8.2025, 15:58:54 - ERROR - Username is taken
8.8.2025, 15:59:41 - ERROR - username or password is incorrect
8.8.2025, 15:59:47 - ERROR - username or password is incorrect
8.8.2025, 15:59:52 - ERROR - username or password is incorrect
8.8.2025, 16:24:04 - ERROR - username or password is incorrect
